  KNN.cpp
C:\Users\푸달\source\repos\OpenCV\OpenCV\computer_vision\KNN.cpp(56,25): warning C4244: '인수': 'int'에서 '_Tp'(으)로 변환하면서 데이터가 손실될 수 있습니다.
          with
          [
              _Tp=float
          ]
C:\Users\푸달\source\repos\OpenCV\OpenCV\computer_vision\KNN.cpp(57,37): warning C4244: '인수': 'int'에서 '_Tp'(으)로 변환하면서 데이터가 손실될 수 있습니다.
          with
          [
              _Tp=float
          ]
C:\Users\푸달\source\repos\OpenCV\OpenCV\computer_vision\KNN.cpp(57,25): warning C4244: '인수': 'int'에서 '_Tp'(으)로 변환하면서 데이터가 손실될 수 있습니다.
          with
          [
              _Tp=float
          ]
C:\Users\푸달\source\repos\OpenCV\OpenCV\computer_vision\KNN.cpp(57,71): warning C4244: '인수': 'int'에서 '_Tp'(으)로 변환하면서 데이터가 손실될 수 있습니다.
          with
          [
              _Tp=float
          ]
C:\Users\푸달\source\repos\OpenCV\OpenCV\computer_vision\KNN.cpp(61,52): warning C4244: '인수': 'int'에서 '_Tp'(으)로 변환하면서 데이터가 손실될 수 있습니다.
          with
          [
              _Tp=float
          ]
  OpenCV.vcxproj -> C:\Users\푸달\source\repos\OpenCV\x64\Debug\OpenCV.exe
